<?xml version="1.0" encoding="UTF-8"?>
<testng-results ignored="14" total="23" passed="8" failed="1" skipped="0">
  <reporter-output>
  </reporter-output>
  <suite started-at="2022-05-30T11:07:15 IST" name="Suite" finished-at="2022-05-30T11:11:15 IST" duration-ms="239992">
    <groups>
      <group name="regression">
        <method signature="EndToEndTest.endtoEnd(java.lang.String,java.lang.String)[pri:0, instance:com.mystore.testcases.EndToEndTest@2d710f1a]" name="endtoEnd" class="com.mystore.testcases.EndToEndTest"/>
        <method signature="OrderPageTest.addToCart()[pri:0, instance:com.mystore.testcases.OrderPageTest@b9b00e0]" name="addToCart" class="com.mystore.testcases.OrderPageTest"/>
      </group> <!-- regression -->
      <group name="smoke">
        <method signature="AddToCartPageTest.addToCart()[pri:0, instance:com.mystore.testcases.AddToCartPageTest@506ae4d4]" name="addToCart" class="com.mystore.testcases.AddToCartPageTest"/>
        <method signature="HomePageTest.validateWishList()[pri:0, instance:com.mystore.testcases.HomePageTest@6bd61f98]" name="validateWishList" class="com.mystore.testcases.HomePageTest"/>
        <method signature="IndexPageTest.validatLogo()[pri:0, instance:com.mystore.testcases.IndexPageTest@59505b48]" name="validatLogo" class="com.mystore.testcases.IndexPageTest"/>
        <method signature="IndexPageTest.validatePageTitle()[pri:0, instance:com.mystore.testcases.IndexPageTest@59505b48]" name="validatePageTitle" class="com.mystore.testcases.IndexPageTest"/>
        <method signature="LoginPageTest.userLogin()[pri:0, instance:com.mystore.testcases.LoginPageTest@1151e434]" name="userLogin" class="com.mystore.testcases.LoginPageTest"/>
        <method signature="SearchResultPageTest.validateProduct()[pri:0, instance:com.mystore.testcases.SearchResultPageTest@4efac082]" name="validateProduct" class="com.mystore.testcases.SearchResultPageTest"/>
      </group> <!-- smoke -->
      <group name="sanity">
        <method signature="AccountCreationPageTest.accountCreation()[pri:0, instance:com.mystore.testcases.AccountCreationPageTest@29215f06]" name="accountCreation" class="com.mystore.testcases.AccountCreationPageTest"/>
        <method signature="AddToCartPageTest.addToCart()[pri:0, instance:com.mystore.testcases.AddToCartPageTest@506ae4d4]" name="addToCart" class="com.mystore.testcases.AddToCartPageTest"/>
        <method signature="LoginPageTest.userLogin()[pri:0, instance:com.mystore.testcases.LoginPageTest@1151e434]" name="userLogin" class="com.mystore.testcases.LoginPageTest"/>
      </group> <!-- sanity -->
    </groups>
    <test started-at="2022-05-30T11:07:15 IST" name="Test" finished-at="2022-05-30T11:11:15 IST" duration-ms="239992">
      <class name="com.mystore.testcases.AccountCreationPageTest">
        <test-method is-config="true" signature="setUP(java.lang.String)[pri:0, instance:com.mystore.testcases.AccountCreationPageTest@29215f06]" started-at="2022-05-30T11:08:41 IST" name="setUP" finished-at="2022-05-30T11:08:55 IST" duration-ms="13769" status="PASS">
          <params>
            <param index="0">
              <value>
                <![CDATA[chrome]]>
              </value>
            </param>
          </params>
          <reporter-output>
          </reporter-output>
        </test-method> <!-- setUP -->
        <test-method signature="accountCreation()[pri:0, instance:com.mystore.testcases.AccountCreationPageTest@29215f06]" started-at="2022-05-30T11:08:55 IST" name="accountCreation" finished-at="2022-05-30T11:09:02 IST" duration-ms="6442" status="PASS">
          <reporter-output>
          </reporter-output>
        </test-method> <!-- accountCreation -->
        <test-method is-config="true" signature="tearDown()[pri:0, instance:com.mystore.testcases.AccountCreationPageTest@29215f06]" started-at="2022-05-30T11:09:02 IST" name="tearDown" finished-at="2022-05-30T11:09:02 IST" duration-ms="612" status="PASS">
          <reporter-output>
          </reporter-output>
        </test-method> <!-- tearDown -->
      </class> <!-- com.mystore.testcases.AccountCreationPageTest -->
      <class name="com.mystore.testcases.EndToEndTest">
        <test-method is-config="true" signature="setUP(java.lang.String)[pri:0, instance:com.mystore.testcases.EndToEndTest@2d710f1a]" started-at="2022-05-30T11:07:47 IST" name="setUP" finished-at="2022-05-30T11:08:06 IST" duration-ms="18724" status="PASS">
          <params>
            <param index="0">
              <value>
                <![CDATA[chrome]]>
              </value>
            </param>
          </params>
          <reporter-output>
          </reporter-output>
        </test-method> <!-- setUP -->
        <test-method signature="endtoEnd(java.lang.String,java.lang.String)[pri:0, instance:com.mystore.testcases.EndToEndTest@2d710f1a]" started-at="2022-05-30T11:08:06 IST" name="endtoEnd" data-provider="credentials" finished-at="2022-05-30T11:08:41 IST" duration-ms="34864" status="PASS">
          <params>
            <param index="0">
              <value>
                <![CDATA[admin@xyz.com]]>
              </value>
            </param>
            <param index="1">
              <value>
                <![CDATA[admin@123]]>
              </value>
            </param>
          </params>
          <reporter-output>
          </reporter-output>
        </test-method> <!-- endtoEnd -->
        <test-method is-config="true" signature="tearDown()[pri:0, instance:com.mystore.testcases.EndToEndTest@2d710f1a]" started-at="2022-05-30T11:08:41 IST" name="tearDown" finished-at="2022-05-30T11:08:41 IST" duration-ms="600" status="PASS">
          <reporter-output>
          </reporter-output>
        </test-method> <!-- tearDown -->
      </class> <!-- com.mystore.testcases.EndToEndTest -->
      <class name="com.mystore.testcases.SearchResultPageTest">
        <test-method is-config="true" signature="setUP(java.lang.String)[pri:0, instance:com.mystore.testcases.SearchResultPageTest@4efac082]" started-at="2022-05-30T11:09:31 IST" name="setUP" finished-at="2022-05-30T11:09:45 IST" duration-ms="13708" status="PASS">
          <params>
            <param index="0">
              <value>
                <![CDATA[chrome]]>
              </value>
            </param>
          </params>
          <reporter-output>
          </reporter-output>
        </test-method> <!-- setUP -->
        <test-method signature="validateProduct()[pri:0, instance:com.mystore.testcases.SearchResultPageTest@4efac082]" started-at="2022-05-30T11:09:45 IST" name="validateProduct" finished-at="2022-05-30T11:09:47 IST" duration-ms="2700" status="PASS">
          <reporter-output>
          </reporter-output>
        </test-method> <!-- validateProduct -->
        <test-method is-config="true" signature="tearDown()[pri:0, instance:com.mystore.testcases.SearchResultPageTest@4efac082]" started-at="2022-05-30T11:09:47 IST" name="tearDown" finished-at="2022-05-30T11:09:49 IST" duration-ms="1141" status="PASS">
          <reporter-output>
          </reporter-output>
        </test-method> <!-- tearDown -->
      </class> <!-- com.mystore.testcases.SearchResultPageTest -->
      <class name="com.mystore.testcases.AddToCartPageTest">
        <test-method is-config="true" signature="setUP(java.lang.String)[pri:0, instance:com.mystore.testcases.AddToCartPageTest@506ae4d4]" started-at="2022-05-30T11:10:50 IST" name="setUP" finished-at="2022-05-30T11:11:03 IST" duration-ms="13204" status="PASS">
          <params>
            <param index="0">
              <value>
                <![CDATA[chrome]]>
              </value>
            </param>
          </params>
          <reporter-output>
          </reporter-output>
        </test-method> <!-- setUP -->
        <test-method signature="addToCart()[pri:0, instance:com.mystore.testcases.AddToCartPageTest@506ae4d4]" started-at="2022-05-30T11:11:03 IST" name="addToCart" finished-at="2022-05-30T11:11:15 IST" duration-ms="11670" status="FAIL">
          <exception class="java.lang.AssertionError">
            <full-stacktrace>
              <![CDATA[java.lang.AssertionError
at org.junit.Assert.fail(Assert.java:86)
at org.junit.Assert.assertTrue(Assert.java:41)
at org.junit.Assert.assertTrue(Assert.java:52)
at com.mystore.testcases.AddToCartPageTest.addToCart(AddToCartPageTest.java:43)
at java.base/jdk.internal.reflect.NativeMethodAccessorImpl.invoke0(Native Method)
at java.base/jdk.internal.reflect.NativeMethodAccessorImpl.invoke(NativeMethodAccessorImpl.java:62)
at java.base/jdk.internal.reflect.DelegatingMethodAccessorImpl.invoke(DelegatingMethodAccessorImpl.java:43)
at java.base/java.lang.reflect.Method.invoke(Method.java:566)
at org.testng.internal.MethodInvocationHelper.invokeMethod(MethodInvocationHelper.java:133)
at org.testng.internal.TestInvoker.invokeMethod(TestInvoker.java:598)
at org.testng.internal.TestInvoker.invokeTestMethod(TestInvoker.java:173)
at org.testng.internal.MethodRunner.runInSequence(MethodRunner.java:46)
at org.testng.internal.TestInvoker$MethodInvocationAgent.invoke(TestInvoker.java:824)
at org.testng.internal.TestInvoker.invokeTestMethods(TestInvoker.java:146)
at org.testng.internal.TestMethodWorker.invokeTestMethods(TestMethodWorker.java:146)
at org.testng.internal.TestMethodWorker.run(TestMethodWorker.java:128)
at java.base/java.util.ArrayList.forEach(ArrayList.java:1541)
at org.testng.TestRunner.privateRun(TestRunner.java:794)
at org.testng.TestRunner.run(TestRunner.java:596)
at org.testng.SuiteRunner.runTest(SuiteRunner.java:377)
at org.testng.SuiteRunner.runSequentially(SuiteRunner.java:371)
at org.testng.SuiteRunner.privateRun(SuiteRunner.java:332)
at org.testng.SuiteRunner.run(SuiteRunner.java:276)
at org.testng.SuiteRunnerWorker.runSuite(SuiteRunnerWorker.java:53)
at org.testng.SuiteRunnerWorker.run(SuiteRunnerWorker.java:96)
at org.testng.TestNG.runSuitesSequentially(TestNG.java:1212)
at org.testng.TestNG.runSuitesLocally(TestNG.java:1134)
at org.testng.TestNG.runSuites(TestNG.java:1063)
at org.testng.TestNG.run(TestNG.java:1031)
at org.testng.remote.AbstractRemoteTestNG.run(AbstractRemoteTestNG.java:115)
at org.testng.remote.RemoteTestNG.initAndRun(RemoteTestNG.java:251)
at org.testng.remote.RemoteTestNG.main(RemoteTestNG.java:77)
]]>
            </full-stacktrace>
          </exception> <!-- java.lang.AssertionError -->
          <reporter-output>
          </reporter-output>
        </test-method> <!-- addToCart -->
        <test-method is-config="true" signature="tearDown()[pri:0, instance:com.mystore.testcases.AddToCartPageTest@506ae4d4]" started-at="2022-05-30T11:11:15 IST" name="tearDown" finished-at="2022-05-30T11:11:15 IST" duration-ms="627" status="PASS">
          <reporter-output>
          </reporter-output>
        </test-method> <!-- tearDown -->
      </class> <!-- com.mystore.testcases.AddToCartPageTest -->
      <class name="com.mystore.testcases.IndexPageTest">
        <test-method is-config="true" signature="setUP(java.lang.String)[pri:0, instance:com.mystore.testcases.IndexPageTest@59505b48]" started-at="2022-05-30T11:09:02 IST" name="setUP" finished-at="2022-05-30T11:09:16 IST" duration-ms="13286" status="PASS">
          <params>
            <param index="0">
              <value>
                <![CDATA[chrome]]>
              </value>
            </param>
          </params>
          <reporter-output>
          </reporter-output>
        </test-method> <!-- setUP -->
        <test-method signature="validatLogo()[pri:0, instance:com.mystore.testcases.IndexPageTest@59505b48]" started-at="2022-05-30T11:09:16 IST" name="validatLogo" finished-at="2022-05-30T11:09:16 IST" duration-ms="64" status="PASS">
          <reporter-output>
          </reporter-output>
        </test-method> <!-- validatLogo -->
        <test-method is-config="true" signature="tearDown()[pri:0, instance:com.mystore.testcases.IndexPageTest@59505b48]" started-at="2022-05-30T11:09:16 IST" name="tearDown" finished-at="2022-05-30T11:09:17 IST" duration-ms="1103" status="PASS">
          <reporter-output>
          </reporter-output>
        </test-method> <!-- tearDown -->
        <test-method is-config="true" signature="setUP(java.lang.String)[pri:0, instance:com.mystore.testcases.IndexPageTest@59505b48]" started-at="2022-05-30T11:09:17 IST" name="setUP" finished-at="2022-05-30T11:09:29 IST" duration-ms="12431" status="PASS">
          <params>
            <param index="0">
              <value>
                <![CDATA[chrome]]>
              </value>
            </param>
          </params>
          <reporter-output>
          </reporter-output>
        </test-method> <!-- setUP -->
        <test-method signature="validatePageTitle()[pri:0, instance:com.mystore.testcases.IndexPageTest@59505b48]" started-at="2022-05-30T11:09:29 IST" name="validatePageTitle" finished-at="2022-05-30T11:09:29 IST" duration-ms="21" status="PASS">
          <reporter-output>
          </reporter-output>
        </test-method> <!-- validatePageTitle -->
        <test-method is-config="true" signature="tearDown()[pri:0, instance:com.mystore.testcases.IndexPageTest@59505b48]" started-at="2022-05-30T11:09:29 IST" name="tearDown" finished-at="2022-05-30T11:09:31 IST" duration-ms="1856" status="PASS">
          <reporter-output>
          </reporter-output>
        </test-method> <!-- tearDown -->
      </class> <!-- com.mystore.testcases.IndexPageTest -->
      <class name="com.mystore.testcases.OrderPageTest">
        <test-method is-config="true" signature="setUP(java.lang.String)[pri:0, instance:com.mystore.testcases.OrderPageTest@b9b00e0]" started-at="2022-05-30T11:10:11 IST" name="setUP" finished-at="2022-05-30T11:10:27 IST" duration-ms="15038" status="PASS">
          <params>
            <param index="0">
              <value>
                <![CDATA[chrome]]>
              </value>
            </param>
          </params>
          <reporter-output>
          </reporter-output>
        </test-method> <!-- setUP -->
        <test-method signature="addToCart()[pri:0, instance:com.mystore.testcases.OrderPageTest@b9b00e0]" started-at="2022-05-30T11:10:27 IST" name="addToCart" finished-at="2022-05-30T11:10:46 IST" duration-ms="19867" status="PASS">
          <reporter-output>
          </reporter-output>
        </test-method> <!-- addToCart -->
        <test-method is-config="true" signature="tearDown()[pri:0, instance:com.mystore.testcases.OrderPageTest@b9b00e0]" started-at="2022-05-30T11:10:46 IST" name="tearDown" finished-at="2022-05-30T11:10:50 IST" duration-ms="3356" status="PASS">
          <reporter-output>
          </reporter-output>
        </test-method> <!-- tearDown -->
      </class> <!-- com.mystore.testcases.OrderPageTest -->
      <class name="com.mystore.testcases.LoginPageTest">
        <test-method is-config="true" signature="loadConfig()[pri:0, instance:com.mystore.testcases.LoginPageTest@1151e434]" started-at="2022-05-30T11:07:15 IST" name="loadConfig" finished-at="2022-05-30T11:07:15 IST" duration-ms="645" status="PASS">
          <reporter-output>
          </reporter-output>
        </test-method> <!-- loadConfig -->
        <test-method is-config="true" signature="setUP(java.lang.String)[pri:0, instance:com.mystore.testcases.LoginPageTest@1151e434]" started-at="2022-05-30T11:07:15 IST" name="setUP" finished-at="2022-05-30T11:07:40 IST" duration-ms="24194" status="PASS">
          <params>
            <param index="0">
              <value>
                <![CDATA[chrome]]>
              </value>
            </param>
          </params>
          <reporter-output>
          </reporter-output>
        </test-method> <!-- setUP -->
        <test-method signature="userLogin()[pri:0, instance:com.mystore.testcases.LoginPageTest@1151e434]" started-at="2022-05-30T11:07:40 IST" name="userLogin" finished-at="2022-05-30T11:07:46 IST" duration-ms="6627" status="PASS">
          <reporter-output>
          </reporter-output>
        </test-method> <!-- userLogin -->
        <test-method is-config="true" signature="tearDown()[pri:0, instance:com.mystore.testcases.LoginPageTest@1151e434]" started-at="2022-05-30T11:07:46 IST" name="tearDown" finished-at="2022-05-30T11:07:46 IST" duration-ms="82" status="PASS">
          <reporter-output>
          </reporter-output>
        </test-method> <!-- tearDown -->
        <test-method is-config="true" signature="afterSuite()[pri:0, instance:com.mystore.testcases.LoginPageTest@1151e434]" started-at="2022-05-30T11:11:16 IST" name="afterSuite" finished-at="2022-05-30T11:11:16 IST" duration-ms="756" status="PASS">
          <reporter-output>
          </reporter-output>
        </test-method> <!-- afterSuite -->
      </class> <!-- com.mystore.testcases.LoginPageTest -->
      <class name="com.mystore.testcases.HomePageTest">
        <test-method is-config="true" signature="setUP(java.lang.String)[pri:0, instance:com.mystore.testcases.HomePageTest@6bd61f98]" started-at="2022-05-30T11:09:49 IST" name="setUP" finished-at="2022-05-30T11:10:02 IST" duration-ms="13134" status="PASS">
          <params>
            <param index="0">
              <value>
                <![CDATA[chrome]]>
              </value>
            </param>
          </params>
          <reporter-output>
          </reporter-output>
        </test-method> <!-- setUP -->
        <test-method signature="validateWishList()[pri:0, instance:com.mystore.testcases.HomePageTest@6bd61f98]" started-at="2022-05-30T11:10:02 IST" name="validateWishList" finished-at="2022-05-30T11:10:10 IST" duration-ms="8402" status="PASS">
          <reporter-output>
          </reporter-output>
        </test-method> <!-- validateWishList -->
        <test-method is-config="true" signature="tearDown()[pri:0, instance:com.mystore.testcases.HomePageTest@6bd61f98]" started-at="2022-05-30T11:10:10 IST" name="tearDown" finished-at="2022-05-30T11:10:11 IST" duration-ms="1344" status="PASS">
          <reporter-output>
          </reporter-output>
        </test-method> <!-- tearDown -->
      </class> <!-- com.mystore.testcases.HomePageTest -->
    </test> <!-- Test -->
  </suite> <!-- Suite -->
</testng-results>
